<?xml version="1.0" encoding="UTF-8"?>
<!-- Generated by org.testng.reporters.JUnitReportReporter -->
<testsuite hostname="PUN-YMANGDE01" name="com.nuance.him.controller.test.AccountControllerTest" tests="5" failures="0" timestamp="25 Feb 2019 12:13:28 GMT" time="0.599" errors="0">
  <testcase name="testWithDrawAmount" time="0.026" classname="com.nuance.him.controller.test.AccountControllerTest"/>
  <testcase name="testDepositeAmount" time="0.157" classname="com.nuance.him.controller.test.AccountControllerTest"/>
  <testcase name="testOpenAccount" time="0.384" classname="com.nuance.him.controller.test.AccountControllerTest"/>
  <testcase name="testGetBalance" time="0.017" classname="com.nuance.him.controller.test.AccountControllerTest"/>
  <testcase name="testGetAccountDetail" time="0.015" classname="com.nuance.him.controller.test.AccountControllerTest"/>
</testsuite> <!-- com.nuance.him.controller.test.AccountControllerTest -->
