<?xml version="1.0" encoding="UTF-8"?>
<!-- Generated by org.testng.reporters.JUnitReportReporter -->
<testsuite hostname="PUN-YMANGDE01" name="com.nuance.him.controller.test.TransferAmountControllerTest" tests="2" failures="0" timestamp="25 Feb 2019 12:13:28 GMT" time="0.029" errors="0">
  <testcase name="testTransactionHistory" time="0.009" classname="com.nuance.him.controller.test.TransferAmountControllerTest"/>
  <testcase name="testTransferAmount" time="0.020" classname="com.nuance.him.controller.test.TransferAmountControllerTest"/>
</testsuite> <!-- com.nuance.him.controller.test.TransferAmountControllerTest -->
