<?xml version="1.0" encoding="UTF-8"?>
<!-- Generated by org.testng.reporters.JUnitReportReporter -->
<testsuite hostname="PUN-YMANGDE01" name="com.nuance.him.controller.test.CustomerControllerTest" tests="3" failures="0" timestamp="25 Feb 2019 12:13:28 GMT" time="0.049" errors="0">
  <testcase name="testDisplayCustomers" time="0.006" classname="com.nuance.him.controller.test.CustomerControllerTest"/>
  <testcase name="testFindCustomerById" time="0.006" classname="com.nuance.him.controller.test.CustomerControllerTest"/>
  <testcase name="testAddCustomer" time="0.037" classname="com.nuance.him.controller.test.CustomerControllerTest"/>
</testsuite> <!-- com.nuance.him.controller.test.CustomerControllerTest -->
