<?xml version="1.0" encoding="UTF-8"?>
<!-- Generated by org.testng.reporters.JUnitReportReporter -->
<testsuite hostname="PUN-YMANGDE01" name="com.nuance.him.controller.test.InterestControllerTest" tests="1" failures="0" timestamp="25 Feb 2019 12:13:28 GMT" time="0.013" errors="0">
  <testcase name="testCalMonthlyInterest" time="0.013" classname="com.nuance.him.controller.test.InterestControllerTest"/>
</testsuite> <!-- com.nuance.him.controller.test.InterestControllerTest -->
