<?xml version="1.0" encoding="UTF-8"?>
<!-- Generated by org.testng.reporters.JUnitReportReporter -->
<testsuite hostname="PUN-YMANGDE01" name="com.nuance.him.controller.test.AtmControllerTest" tests="2" failures="0" timestamp="25 Feb 2019 12:13:28 GMT" time="0.046" errors="0">
  <testcase name="testDisplayAtmDetails" time="0.015" classname="com.nuance.him.controller.test.AtmControllerTest"/>
  <testcase name="testIssueAtm" time="0.031" classname="com.nuance.him.controller.test.AtmControllerTest"/>
</testsuite> <!-- com.nuance.him.controller.test.AtmControllerTest -->
