<?xml version="1.0" encoding="UTF-8"?>
<!-- Generated by org.testng.reporters.JUnitReportReporter -->
<testsuite hostname="PUN-YMANGDE01" name="com.nuance.him.dao.test.AccountDaoImplTest" tests="4" failures="0" timestamp="17 Jan 2019 14:02:35 GMT" time="0.217" errors="0">
  <testcase name="testDeposite" time="0.102" classname="com.nuance.him.dao.test.AccountDaoImplTest"/>
  <testcase name="testGetAccountDetails" time="0.029" classname="com.nuance.him.dao.test.AccountDaoImplTest"/>
  <testcase name="testGetBalance" time="0.020" classname="com.nuance.him.dao.test.AccountDaoImplTest"/>
  <testcase name="testOpenAccount" time="0.066" classname="com.nuance.him.dao.test.AccountDaoImplTest"/>
</testsuite> <!-- com.nuance.him.dao.test.AccountDaoImplTest -->
