<?xml version="1.0" encoding="UTF-8"?>
<!-- Generated by org.testng.reporters.JUnitReportReporter -->
<testsuite hostname="PUN-YMANGDE01" name="com.nuance.him.dao.customer.AccountDaoImplTest" tests="4" failures="0" timestamp="17 Jan 2019 07:20:52 GMT" time="0.215" errors="0">
  <testcase name="testDeposite" time="0.097" classname="com.nuance.him.dao.customer.AccountDaoImplTest"/>
  <testcase name="testGetAccountDetails" time="0.033" classname="com.nuance.him.dao.customer.AccountDaoImplTest"/>
  <testcase name="testGetBalance" time="0.025" classname="com.nuance.him.dao.customer.AccountDaoImplTest"/>
  <testcase name="testOpenAccount" time="0.060" classname="com.nuance.him.dao.customer.AccountDaoImplTest"/>
</testsuite> <!-- com.nuance.him.dao.customer.AccountDaoImplTest -->
