<?xml version="1.0" encoding="UTF-8"?>
<!-- Generated by org.testng.reporters.JUnitReportReporter -->
<testsuite hostname="PUN-YMANGDE01" name="com.nuance.him.dao.customer.CustomerDAOImplTest" tests="2" failures="0" timestamp="11 Jan 2019 05:43:11 GMT" time="0.152" errors="0">
  <testcase name="testAddCustomer" time="0.112" classname="com.nuance.him.dao.customer.CustomerDAOImplTest"/>
  <testcase name="testDisplayCustomer" time="0.040" classname="com.nuance.him.dao.customer.CustomerDAOImplTest"/>
</testsuite> <!-- com.nuance.him.dao.customer.CustomerDAOImplTest -->
