<?xml version="1.0" encoding="UTF-8"?>
<!-- Generated by org.testng.reporters.JUnitReportReporter -->
<testsuite hostname="PUN-YMANGDE01" name="com.nuance.him.dao.test.TransferDaoImplTest" tests="2" failures="0" timestamp="17 Jan 2019 14:02:35 GMT" time="0.057" errors="0">
  <testcase name="testTransactionHistory" time="0.016" classname="com.nuance.him.dao.test.TransferDaoImplTest"/>
  <testcase name="testTransferAmount" time="0.041" classname="com.nuance.him.dao.test.TransferDaoImplTest"/>
</testsuite> <!-- com.nuance.him.dao.test.TransferDaoImplTest -->
