<?xml version="1.0" encoding="UTF-8"?>
<!-- Generated by org.testng.reporters.JUnitReportReporter -->
<testsuite hostname="PUN-YMANGDE01" name="com.nuance.him.dao.customer.TransactionDaoImplTest" tests="2" failures="0" timestamp="17 Jan 2019 07:20:52 GMT" time="0.075" errors="0">
  <testcase name="testTransactionHistory" time="0.017" classname="com.nuance.him.dao.customer.TransactionDaoImplTest"/>
  <testcase name="testTransferAmount" time="0.058" classname="com.nuance.him.dao.customer.TransactionDaoImplTest"/>
</testsuite> <!-- com.nuance.him.dao.customer.TransactionDaoImplTest -->
