<?xml version="1.0" encoding="UTF-8"?>
<!-- Generated by org.testng.reporters.JUnitReportReporter -->
<testsuite hostname="PUN-YMANGDE01" name="com.nuance.him.dao.customer.CustomerDaoImplTest" tests="2" failures="0" timestamp="17 Jan 2019 07:20:52 GMT" time="0.048" errors="0">
  <testcase name="testDisplayCustomer" time="0.018" classname="com.nuance.him.dao.customer.CustomerDaoImplTest"/>
  <testcase name="testAddCustomer" time="0.030" classname="com.nuance.him.dao.customer.CustomerDaoImplTest"/>
</testsuite> <!-- com.nuance.him.dao.customer.CustomerDaoImplTest -->
