<?xml version="1.0" encoding="UTF-8"?>
<!-- Generated by org.testng.reporters.JUnitReportReporter -->
<testsuite skipped="0" hostname="PUN-YMANGDE01" name="com.nuance.him.config.transaction.TransferAmountServiceConfigTest" tests="1" failures="0" timestamp="2019-01-17T19:32:46 IST" time="0.002" errors="0">
  <testcase name="testTransactionServices" time="0.002" classname="com.nuance.him.config.transaction.TransferAmountServiceConfigTest"/>
</testsuite> <!-- com.nuance.him.config.transaction.TransferAmountServiceConfigTest -->
