<?xml version="1.0" encoding="UTF-8"?>
<!-- Generated by org.testng.reporters.JUnitReportReporter -->
<testsuite skipped="0" hostname="PUN-YMANGDE01" name="com.nuance.him.config.account.AccountDaoConfigTest" tests="1" failures="0" timestamp="2019-01-17T12:51:04 IST" time="0.000" errors="0">
  <testcase name="testAccountDao" time="0.000" classname="com.nuance.him.config.account.AccountDaoConfigTest"/>
</testsuite> <!-- com.nuance.him.config.account.AccountDaoConfigTest -->
