<?xml version="1.0" encoding="UTF-8"?>
<!-- Generated by org.testng.reporters.JUnitReportReporter -->
<testsuite skipped="0" hostname="PUN-YMANGDE01" name="com.nuance.him.config.account.AccountControllerConfigTest" tests="1" failures="0" timestamp="2019-01-17T19:32:46 IST" time="0.007" errors="0">
  <testcase name="testAccountDAO" time="0.007" classname="com.nuance.him.config.account.AccountControllerConfigTest"/>
</testsuite> <!-- com.nuance.him.config.account.AccountControllerConfigTest -->
