<?xml version="1.0" encoding="UTF-8"?>
<!-- Generated by org.testng.reporters.JUnitReportReporter -->
<testsuite skipped="0" hostname="PUN-YMANGDE01" name="com.nuance.him.config.transaction.TransactionControllerConfigTest" tests="1" failures="0" timestamp="2019-01-17T12:51:04 IST" time="0.003" errors="0">
  <testcase name="testAccountDAO" time="0.003" classname="com.nuance.him.config.transaction.TransactionControllerConfigTest"/>
</testsuite> <!-- com.nuance.him.config.transaction.TransactionControllerConfigTest -->
