<?xml version="1.0" encoding="UTF-8"?>
<!-- Generated by org.testng.reporters.JUnitReportReporter -->
<testsuite skipped="0" hostname="PUN-YMANGDE01" name="com.nuance.him.config.customer.CustomerControllerConfigTest" tests="1" failures="0" timestamp="2019-01-11T11:13:20 IST" time="0.006" errors="0">
  <testcase name="testCustomerDao" time="0.006" classname="com.nuance.him.config.customer.CustomerControllerConfigTest"/>
</testsuite> <!-- com.nuance.him.config.customer.CustomerControllerConfigTest -->
