<?xml version="1.0" encoding="UTF-8"?>
<!-- Generated by org.testng.reporters.JUnitReportReporter -->
<testsuite hostname="PUN-YMANGDE01" name="com.nuance.him.config.transaction.TransferAmountControllerConfigTest" tests="1" failures="0" timestamp="25 Feb 2019 12:13:35 GMT" time="0.001" errors="0">
  <testcase name="testAccountDAO" time="0.001" classname="com.nuance.him.config.transaction.TransferAmountControllerConfigTest"/>
</testsuite> <!-- com.nuance.him.config.transaction.TransferAmountControllerConfigTest -->
