<?xml version="1.0" encoding="UTF-8"?>
<!-- Generated by org.testng.reporters.JUnitReportReporter -->
<testsuite hostname="PUN-YMANGDE01" name="com.nuance.him.config.interest.InterestServiceConfigTest" tests="1" failures="0" timestamp="25 Feb 2019 12:13:35 GMT" time="0.000" errors="0">
  <testcase name="testInterestServices" time="0.000" classname="com.nuance.him.config.interest.InterestServiceConfigTest"/>
</testsuite> <!-- com.nuance.him.config.interest.InterestServiceConfigTest -->
