<?xml version="1.0" encoding="UTF-8"?>
<!-- Generated by org.testng.reporters.JUnitReportReporter -->
<testsuite skipped="0" hostname="PUN-YMANGDE01" name="com.nuance.him.service.AtmServiceImplTest" tests="4" failures="0" timestamp="2019-02-25T17:43:20 IST" time="0.012" errors="0">
  <testcase name="testIsAtmAlreadyTaken" time="0.000" classname="com.nuance.him.service.AtmServiceImplTest"/>
  <testcase name="testIssueAtm" time="0.000" classname="com.nuance.him.service.AtmServiceImplTest"/>
  <testcase name="testIssueAtmException" time="0.010" classname="com.nuance.him.service.AtmServiceImplTest"/>
  <testcase name="testIsAtmAlreadyTakenException" time="0.002" classname="com.nuance.him.service.AtmServiceImplTest"/>
</testsuite> <!-- com.nuance.him.service.AtmServiceImplTest -->
