<?xml version="1.0" encoding="UTF-8"?>
<!-- Generated by org.testng.reporters.JUnitReportReporter -->
<testsuite skipped="0" hostname="PUN-YMANGDE01" name="com.nuance.him.service.InterestServiceimplTest" tests="2" failures="0" timestamp="2019-02-25T17:43:20 IST" time="0.006" errors="0">
  <testcase name="testGetBalanceException" time="0.002" classname="com.nuance.him.service.InterestServiceimplTest"/>
  <testcase name="testInterestRateCalculator" time="0.004" classname="com.nuance.him.service.InterestServiceimplTest"/>
</testsuite> <!-- com.nuance.him.service.InterestServiceimplTest -->
