<?xml version="1.0" encoding="UTF-8"?>
<!-- Generated by org.testng.reporters.JUnitReportReporter -->
<testsuite skipped="0" hostname="PUN-YMANGDE01" name="com.nuance.him.service.TransferAmountServiceImplTest" tests="4" failures="0" timestamp="2019-02-25T17:43:20 IST" time="0.008" errors="0">
  <testcase name="testTransferAmount" time="0.000" classname="com.nuance.him.service.TransferAmountServiceImplTest"/>
  <testcase name="testTransactionHistoryException" time="0.002" classname="com.nuance.him.service.TransferAmountServiceImplTest"/>
  <testcase name="testTransactionHistory" time="0.005" classname="com.nuance.him.service.TransferAmountServiceImplTest"/>
  <testcase name="testTransferAmountException" time="0.001" classname="com.nuance.him.service.TransferAmountServiceImplTest"/>
</testsuite> <!-- com.nuance.him.service.TransferAmountServiceImplTest -->
