<?xml version="1.0" encoding="UTF-8"?>
<!-- Generated by org.testng.reporters.JUnitReportReporter -->
<testsuite hostname="PUN-YMANGDE01" name="com.nuance.him.dao.test.SpringAtmDaoImplTest" tests="3" failures="0" timestamp="25 Feb 2019 12:13:17 GMT" time="0.079" errors="0">
  <testcase name="testIsAtmAlreadyTaken" time="0.016" classname="com.nuance.him.dao.test.SpringAtmDaoImplTest"/>
  <testcase name="testDisplayAllAtmDetail" time="0.028" classname="com.nuance.him.dao.test.SpringAtmDaoImplTest"/>
  <testcase name="testIssueAtm" time="0.035" classname="com.nuance.him.dao.test.SpringAtmDaoImplTest"/>
</testsuite> <!-- com.nuance.him.dao.test.SpringAtmDaoImplTest -->
