<?xml version="1.0" encoding="UTF-8"?>
<!-- Generated by org.testng.reporters.JUnitReportReporter -->
<testsuite hostname="PUN-YMANGDE01" name="com.nuance.him.dao.test.SpringTransferDaoImplTest" tests="2" failures="0" timestamp="25 Feb 2019 12:13:17 GMT" time="0.053" errors="0">
  <testcase name="testTransferAmount" time="0.019" classname="com.nuance.him.dao.test.SpringTransferDaoImplTest"/>
  <testcase name="testTransactionHistory" time="0.034" classname="com.nuance.him.dao.test.SpringTransferDaoImplTest"/>
</testsuite> <!-- com.nuance.him.dao.test.SpringTransferDaoImplTest -->
