<?xml version="1.0" encoding="UTF-8"?>
<!-- Generated by org.testng.reporters.JUnitReportReporter -->
<testsuite hostname="PUN-YMANGDE01" name="com.nuance.him.dao.test.SpringInterestDaoImplTest" tests="1" failures="0" timestamp="25 Feb 2019 12:13:17 GMT" time="0.025" errors="0">
  <testcase name="testCalMonthlyInterest" time="0.025" classname="com.nuance.him.dao.test.SpringInterestDaoImplTest"/>
</testsuite> <!-- com.nuance.him.dao.test.SpringInterestDaoImplTest -->
