<?xml version="1.0" encoding="UTF-8"?>
<!-- Generated by org.testng.reporters.JUnitReportReporter -->
<testsuite hostname="PUN-YMANGDE01" name="com.nuance.him.dao.test.SpringAccountDaoImplTest" tests="5" failures="0" timestamp="25 Feb 2019 12:13:17 GMT" time="0.275" errors="0">
  <testcase name="testGetAccountDetails" time="0.034" classname="com.nuance.him.dao.test.SpringAccountDaoImplTest"/>
  <testcase name="testGetBalance" time="0.072" classname="com.nuance.him.dao.test.SpringAccountDaoImplTest"/>
  <testcase name="testOpenAccount" time="0.031" classname="com.nuance.him.dao.test.SpringAccountDaoImplTest"/>
  <testcase name="testDeposite" time="0.101" classname="com.nuance.him.dao.test.SpringAccountDaoImplTest"/>
  <testcase name="testWithDrawAmount" time="0.037" classname="com.nuance.him.dao.test.SpringAccountDaoImplTest"/>
</testsuite> <!-- com.nuance.him.dao.test.SpringAccountDaoImplTest -->
