<?xml version="1.0" encoding="UTF-8"?>
<!-- Generated by org.testng.reporters.JUnitReportReporter -->
<testsuite hostname="PUN-YMANGDE01" name="com.nuance.him.dao.test.SpringCustomerDaoImplTest" tests="3" failures="0" timestamp="25 Feb 2019 12:13:17 GMT" time="0.063" errors="0">
  <testcase name="testGetCustomerById" time="0.017" classname="com.nuance.him.dao.test.SpringCustomerDaoImplTest"/>
  <testcase name="testDisplayCustomer" time="0.025" classname="com.nuance.him.dao.test.SpringCustomerDaoImplTest"/>
  <testcase name="testAddCustomer" time="0.021" classname="com.nuance.him.dao.test.SpringCustomerDaoImplTest"/>
</testsuite> <!-- com.nuance.him.dao.test.SpringCustomerDaoImplTest -->
