<?xml version="1.0" encoding="UTF-8"?>
<!-- Generated by org.testng.reporters.JUnitReportReporter -->
<testsuite skipped="0" hostname="PUN-YMANGDE01" name="com.nuance.him.service.test.customer.AccountServiceImplTest" tests="8" failures="0" timestamp="2019-01-17T12:50:55 IST" time="0.386" errors="0">
  <testcase name="testOpenAccount" time="0.001" classname="com.nuance.him.service.test.customer.AccountServiceImplTest"/>
  <testcase name="testGetAccountDetailException" time="0.001" classname="com.nuance.him.service.test.customer.AccountServiceImplTest"/>
  <testcase name="testDeposite" time="0.343" classname="com.nuance.him.service.test.customer.AccountServiceImplTest"/>
  <testcase name="testGetBalance" time="0.001" classname="com.nuance.him.service.test.customer.AccountServiceImplTest"/>
  <testcase name="testGetAccountDetail" time="0.002" classname="com.nuance.him.service.test.customer.AccountServiceImplTest"/>
  <testcase name="testOpenAccountException" time="0.001" classname="com.nuance.him.service.test.customer.AccountServiceImplTest"/>
  <testcase name="testDepositException" time="0.036" classname="com.nuance.him.service.test.customer.AccountServiceImplTest"/>
  <testcase name="testGetBalanceException" time="0.001" classname="com.nuance.him.service.test.customer.AccountServiceImplTest"/>
</testsuite> <!-- com.nuance.him.service.test.customer.AccountServiceImplTest -->
