<?xml version="1.0" encoding="UTF-8"?>
<!-- Generated by org.testng.reporters.JUnitReportReporter -->
<testsuite skipped="0" hostname="PUN-YMANGDE01" name="com.nuance.him.service.CustomerServiceImplTest" tests="4" failures="0" timestamp="2019-01-17T19:32:37 IST" time="0.009" errors="0">
  <testcase name="testAddCustomer" time="0.007" classname="com.nuance.him.service.CustomerServiceImplTest"/>
  <testcase name="testDisplayCustomerException" time="0.000" classname="com.nuance.him.service.CustomerServiceImplTest"/>
  <testcase name="testAddCustomerException" time="0.002" classname="com.nuance.him.service.CustomerServiceImplTest"/>
  <testcase name="testDisplayCustomer" time="0.000" classname="com.nuance.him.service.CustomerServiceImplTest"/>
</testsuite> <!-- com.nuance.him.service.CustomerServiceImplTest -->
