<?xml version="1.0" encoding="UTF-8"?>
<!-- Generated by org.testng.reporters.JUnitReportReporter -->
<testsuite skipped="0" hostname="PUN-YMANGDE01" name="com.nuance.him.service.test.customer.CustomerServiceImplTest" tests="4" failures="0" timestamp="2019-01-17T12:50:55 IST" time="0.011" errors="0">
  <testcase name="testAddCustomer" time="0.007" classname="com.nuance.him.service.test.customer.CustomerServiceImplTest"/>
  <testcase name="testDisplayCustomerException" time="0.001" classname="com.nuance.him.service.test.customer.CustomerServiceImplTest"/>
  <testcase name="testAddCustomerException" time="0.003" classname="com.nuance.him.service.test.customer.CustomerServiceImplTest"/>
  <testcase name="testDisplayCustomer" time="0.000" classname="com.nuance.him.service.test.customer.CustomerServiceImplTest"/>
</testsuite> <!-- com.nuance.him.service.test.customer.CustomerServiceImplTest -->
