<?xml version="1.0" encoding="UTF-8"?>
<!-- Generated by org.testng.reporters.JUnitReportReporter -->
<testsuite skipped="0" hostname="PUN-YMANGDE01" name="com.nuance.him.service.test.customer.TransactionServiceImplTest" tests="4" failures="0" timestamp="2019-01-17T12:50:55 IST" time="0.009" errors="0">
  <testcase name="testTransactionHistoryException" time="0.008" classname="com.nuance.him.service.test.customer.TransactionServiceImplTest"/>
  <testcase name="testTransactionHistory" time="0.000" classname="com.nuance.him.service.test.customer.TransactionServiceImplTest"/>
  <testcase name="testTransferAmountException" time="0.001" classname="com.nuance.him.service.test.customer.TransactionServiceImplTest"/>
  <testcase name="testTransferAmount" time="0.000" classname="com.nuance.him.service.test.customer.TransactionServiceImplTest"/>
</testsuite> <!-- com.nuance.him.service.test.customer.TransactionServiceImplTest -->
