<?xml version="1.0" encoding="UTF-8"?>
<!-- Generated by org.testng.reporters.JUnitReportReporter -->
<testsuite skipped="0" hostname="PUN-YMANGDE01" name="com.nuance.him.service.customer.CustomerServiceImplTest" tests="4" failures="0" timestamp="2019-01-11T11:13:13 IST" time="0.193" errors="0">
  <testcase name="testDisplayCustomer" time="0.167" classname="com.nuance.him.service.customer.CustomerServiceImplTest"/>
  <testcase name="testAddCustomerException" time="0.003" classname="com.nuance.him.service.customer.CustomerServiceImplTest"/>
  <testcase name="testDisplayCustomerException" time="0.000" classname="com.nuance.him.service.customer.CustomerServiceImplTest"/>
  <testcase name="testAddCustomer" time="0.023" classname="com.nuance.him.service.customer.CustomerServiceImplTest"/>
</testsuite> <!-- com.nuance.him.service.customer.CustomerServiceImplTest -->
