<?xml version="1.0" encoding="UTF-8"?>
<!-- Generated by org.testng.reporters.JUnitReportReporter -->
<testsuite skipped="0" hostname="PUN-YMANGDE01" name="com.nuance.him.service.AccountServiceImplTest" tests="8" failures="0" timestamp="2019-01-17T19:32:37 IST" time="0.176" errors="0">
  <testcase name="testOpenAccount" time="0.001" classname="com.nuance.him.service.AccountServiceImplTest"/>
  <testcase name="testGetAccountDetailException" time="0.000" classname="com.nuance.him.service.AccountServiceImplTest"/>
  <testcase name="testDeposite" time="0.146" classname="com.nuance.him.service.AccountServiceImplTest"/>
  <testcase name="testGetBalance" time="0.000" classname="com.nuance.him.service.AccountServiceImplTest"/>
  <testcase name="testGetAccountDetail" time="0.001" classname="com.nuance.him.service.AccountServiceImplTest"/>
  <testcase name="testOpenAccountException" time="0.001" classname="com.nuance.him.service.AccountServiceImplTest"/>
  <testcase name="testDepositException" time="0.025" classname="com.nuance.him.service.AccountServiceImplTest"/>
  <testcase name="testGetBalanceException" time="0.002" classname="com.nuance.him.service.AccountServiceImplTest"/>
</testsuite> <!-- com.nuance.him.service.AccountServiceImplTest -->
