<?xml version="1.0" encoding="UTF-8"?>
<!-- Generated by org.testng.reporters.JUnitReportReporter -->
<testsuite hostname="PUN-YMANGDE01" name="com.nuance.him.controller.test.CustomerControllerTest" tests="2" failures="0" timestamp="11 Jan 2019 05:43:17 GMT" time="0.138" errors="0">
  <testcase name="testDisplayCustomers" time="0.023" classname="com.nuance.him.controller.test.CustomerControllerTest"/>
  <testcase name="testAddCustomer" time="0.115" classname="com.nuance.him.controller.test.CustomerControllerTest"/>
</testsuite> <!-- com.nuance.him.controller.test.CustomerControllerTest -->
