<?xml version="1.0" encoding="UTF-8"?>
<!-- Generated by org.testng.reporters.JUnitReportReporter -->
<testsuite hostname="PUN-YMANGDE01" name="com.nuance.him.controller.test.AccountControllerTest" tests="5" failures="0" timestamp="17 Jan 2019 14:02:42 GMT" time="0.204" errors="0">
  <testcase name="testOpenAccountValidation" time="0.039" classname="com.nuance.him.controller.test.AccountControllerTest"/>
  <testcase name="testDepositeAmount" time="0.080" classname="com.nuance.him.controller.test.AccountControllerTest"/>
  <testcase name="testGetAccountDetail" time="0.013" classname="com.nuance.him.controller.test.AccountControllerTest"/>
  <testcase name="testOpenAccount" time="0.012" classname="com.nuance.him.controller.test.AccountControllerTest"/>
  <testcase name="testGetBalance" time="0.060" classname="com.nuance.him.controller.test.AccountControllerTest"/>
</testsuite> <!-- com.nuance.him.controller.test.AccountControllerTest -->
