<?xml version="1.0" encoding="UTF-8"?>
<!-- Generated by org.testng.reporters.JUnitReportReporter -->
<testsuite hostname="PUN-YMANGDE01" name="com.nuance.him.controller.test.TransferAmountControllerTest" tests="2" failures="0" timestamp="17 Jan 2019 14:02:42 GMT" time="0.032" errors="0">
  <testcase name="testTransactionHistory" time="0.016" classname="com.nuance.him.controller.test.TransferAmountControllerTest"/>
  <testcase name="testTransferAmount" time="0.016" classname="com.nuance.him.controller.test.TransferAmountControllerTest"/>
</testsuite> <!-- com.nuance.him.controller.test.TransferAmountControllerTest -->
