<?xml version="1.0" encoding="UTF-8"?>
<!-- Generated by org.testng.reporters.JUnitReportReporter -->
<testsuite hostname="PUN-YMANGDE01" name="com.nuance.him.controller.test.CustomerControllerTest" tests="2" failures="0" timestamp="17 Jan 2019 07:20:59 GMT" time="0.060" errors="0">
  <testcase name="testAddCustomer" time="0.018" classname="com.nuance.him.controller.test.CustomerControllerTest"/>
  <testcase name="testDisplayCustomers" time="0.042" classname="com.nuance.him.controller.test.CustomerControllerTest"/>
</testsuite> <!-- com.nuance.him.controller.test.CustomerControllerTest -->
