<?xml version="1.0" encoding="UTF-8"?>
<!-- Generated by org.testng.reporters.JUnitReportReporter -->
<testsuite hostname="PUN-YMANGDE01" name="com.nuance.him.controller.test.AccountControllerTest" tests="5" failures="0" timestamp="17 Jan 2019 07:20:59 GMT" time="0.210" errors="0">
  <testcase name="testOpenAccountValidation" time="0.028" classname="com.nuance.him.controller.test.AccountControllerTest"/>
  <testcase name="testDepositeAmount" time="0.087" classname="com.nuance.him.controller.test.AccountControllerTest"/>
  <testcase name="testGetAccountDetail" time="0.010" classname="com.nuance.him.controller.test.AccountControllerTest"/>
  <testcase name="testOpenAccount" time="0.074" classname="com.nuance.him.controller.test.AccountControllerTest"/>
  <testcase name="testGetBalance" time="0.011" classname="com.nuance.him.controller.test.AccountControllerTest"/>
</testsuite> <!-- com.nuance.him.controller.test.AccountControllerTest -->
