<?xml version="1.0" encoding="UTF-8"?>
<!-- Generated by org.testng.reporters.JUnitReportReporter -->
<testsuite hostname="PUN-YMANGDE01" name="com.nuance.him.controller.test.TransactionControllerTest" tests="2" failures="0" timestamp="17 Jan 2019 07:20:59 GMT" time="0.035" errors="0">
  <testcase name="testTransferAmount" time="0.013" classname="com.nuance.him.controller.test.TransactionControllerTest"/>
  <testcase name="testTransactionHistory" time="0.022" classname="com.nuance.him.controller.test.TransactionControllerTest"/>
</testsuite> <!-- com.nuance.him.controller.test.TransactionControllerTest -->
